<?xml version="1.0" encoding="UTF-8"?>
<!-- Generated by org.testng.reporters.JUnitReportReporter -->
<testsuite hostname="IN-GMYM2J3" failures="0" tests="3" name="testpackage.testcases" time="0.005" errors="0" timestamp="2024-10-13T12:31:38 IST" skipped="0">
  <testcase classname="testpackage.testcases" name="multiply" time="0.000"/>
  <testcase classname="testpackage.testcases" name="addition" time="0.004"/>
  <testcase classname="testpackage.testcases" name="subtraction" time="0.001"/>
</testsuite> <!-- testpackage.testcases -->
